Arguments: 
  C:\Program Files\nodejs\node.exe C:\Users\86199\AppData\Roaming\npm\node_modules\yarn\bin\yarn.js

PATH: 
  C:\Program Files (x86)\Common Files\Oracle\Java\javapath;C:\Program Files (x86)\Intel\Intel(R) Management Engine Components\iCLS\;C:\Program Files\Intel\Intel(R) Management Engine Components\iCLS\;C:\Windows\system32;C:\Windows;C:\Windows\System32\Wbem;C:\Windows\System32\WindowsPowerShell\v1.0\;C:\Windows\System32\OpenSSH\;C:\Program Files (x86)\Intel\Intel(R) Management Engine Components\DAL;C:\Program Files\Intel\Intel(R) Management Engine Components\DAL;C:\Program Files (x86)\Intel\Intel(R) Management Engine Components\IPT;C:\Program Files\Intel\Intel(R) Management Engine Components\IPT;C:\Program Files (x86)\NVIDIA Corporation\PhysX\Common;C:\Program Files\NVIDIA Corporation\NVIDIA NvDLISR;C:\Go\bin;C:\WINDOWS\system32;C:\WINDOWS;C:\WINDOWS\System32\Wbem;C:\WINDOWS\System32\WindowsPowerShell\v1.0\;C:\WINDOWS\System32\OpenSSH\;C:\Users\86199\AppData\Roaming\nvm;C:\Program Files\nodejs;C:\Program Files (x86)\PuTTY\;C:\Program Files\MySQL\MySQL Shell 8.0\bin\;C:\Users\86199\AppData\Local\Microsoft\WindowsApps;C:\U;C:\WINDOWS\system32;C:\WINDOWS;C:\WINDOWS\System32\Wbem;C:\WINDOWS\System32\WindowsPowerShell\v1.0\;C:\WINDOWS\System32\OpenSSH\;C:\Program Files\nodejs\;C:\Program Files\Git\cmd;C:\Users\86199\AppData\Local\Programs\Microsoft VS Code\bin;C:\Users\86199\AppData\Local\Yarn\bin;C:\Users\86199\go\bin;C:\Program Files\MongoDB\Server\4.2\bin;C:\Program Files\Java\jdk1.8.0_241\bin;C:\Program Files\OpenSSL-Win64\bin;C:\Program Files\Redis;C:\Users\86199\AppData\Roaming\npm;C:\Program Files\Git;C:\Program Files (x86)\Fiddler2

Yarn version: 
  1.22.19

Node version: 
  16.17.1

Platform: 
  win32 x64

Trace: 
  SyntaxError: D:\lesson\lesson_my\vue2\vue2-demo\package.json: Unexpected token } in JSON at position 814
      at JSON.parse (<anonymous>)
      at C:\Users\86199\AppData\Roaming\npm\node_modules\yarn\lib\cli.js:1629:59
      at Generator.next (<anonymous>)
      at step (C:\Users\86199\AppData\Roaming\npm\node_modules\yarn\lib\cli.js:310:30)
      at C:\Users\86199\AppData\Roaming\npm\node_modules\yarn\lib\cli.js:321:13

npm manifest: 
  {
    "name": "vue2-demo",
    "version": "1.0.0",
    "description": "",
    "main": "index.js",
    "scripts": {
      "test": "echo \"Error: no test specified\" && exit 1"
    },
    "keywords": [],
    "author": "",
    "license": "ISC",
    "devDependencies": {
      "@babel/cli": "^7.21.0",
      "@babel/core": "^7.21.0",
      "@babel/preset-env": "^7.20.2",
      "babel-loader": "^9.1.2",
      "clean-webpack-plugin": "^4.0.0",
      "css-loader": "^6.7.3",
      "file-loader": "^6.2.0",
      "html-webpack-plugin": "^5.5.0",
      "style-loader": "^3.3.1",
      "stylus": "^0.59.0",
      "stylus-loader": "^7.1.0",
      "url-loader": "^4.1.1",
      "webpack": "^5.75.0",
      "webpack-cli": "^5.0.1",
      "webpack-dev-server": "^4.11.1",
      "vue-loader": "^15.10.1"
    },
    "dependencies": {
      "vue": "^2.1.10",
      "vue-router": "^2.1.0",
    }
  }

yarn manifest: 
  No manifest

Lockfile: 
  No lockfile
